==========================================================================
| ACPYPE: AnteChamber PYthon Parser interfacE v. 2022.6.6 (c) 2023 AWSdS |
==========================================================================
DEBUG: CLI: -p ethanol.acpype/ethanol_AC.prmtop -x ethanol.acpype/ethanol_AC.inpcrd
DEBUG: Python Version 3.10.10 | packaged by conda-forge | (main, Mar 24 2023, 20:08:06) [GCC 11.3.0]
Converting Amber input files to Gromacs ...
DEBUG: prmtop and inpcrd files loaded
WARNING: residue label 'EtO' in 'ethanol.acpype/ethanol_AC.prmtop' is not all UPPERCASE
WARNING: this may raise problem with some applications like CNS
DEBUG: basename defined = 'EtO'
DEBUG: getCoords done
DEBUG: getABCOEFs done
DEBUG: charge to be balanced: total 0.0000010022
DEBUG: balanceCharges done
DEBUG: Balanced TotalCharge 0.0000000000
DEBUG: PBC = None
DEBUG: getAtoms done
DEBUG: getBonds done
DEBUG: getAngles done
DEBUG: getDihedrals done
==> Writing GROMACS files

==> Disambiguating lower and uppercase atomtypes in GMX top file, even if identical.

DEBUG: writing GRO file
DEBUG: Box size estimated
DEBUG: writing POSRE file
DEBUG: atomTypes 5
DEBUG: GMX atomtypes done
DEBUG: atoms 9
DEBUG: GMX atoms done
DEBUG: bonds 8
DEBUG: GMX bonds done
DEBUG: atomPairs 12
DEBUG: GMX pairs done
DEBUG: angles 13
DEBUG: GMX angles done
DEBUG: setProperDihedralsCoef done
DEBUG: properDihedralsCoefRB 12
DEBUG: properDihedralsAlphaGamma 0
DEBUG: properDihedralsGmx45 15
==> Writing GMX dihedrals for GMX 4.5 and higher.

DEBUG: GMX special proper dihedrals done
DEBUG: improperDihedrals 0
DEBUG: GMX improper dihedrals done
DEBUG: prmtop and inpcrd files parsed
Total time of execution: less than a second
DEBUG: No tmp folder left to be removed
